{
  "RSpec": {
    "coverage": {
      "/home/bhavesh/Desktop/ruby_on_rails/CarSellingPortal/spec/models/brand_spec.rb": {
        "lines": [
          1,
          null,
          1,
          5,
          2,
          null,
          1,
          1,
          1,
          1,
          null,
          null,
          1,
          1,
          null,
          null,
          1,
          1,
          1,
          null,
          null,
          null,
          1,
          1,
          2,
          null,
          null,
          1,
          2,
          null,
          null,
          null,
          1,
          1,
          1,
          1,
          null,
          null,
          null
        ]
      },
      "/home/bhavesh/Desktop/ruby_on_rails/CarSellingPortal/spec/rails_helper.rb": {
        "lines": [
          null,
          1,
          1,
          1,
          null,
          1,
          1,
          null,
          null,
          null,
          1,
          1,
          null,
          2,
          null,
          null,
          1,
          1,
          1,
          1,
          null,
          null,
          null,
          null,
          null,
          null,
          null,
          null,
          null,
          null,
          null,
          null,
          null,
          null,
          null,
          null,
          null,
          null,
          null,
          null,
          1,
          null,
          0,
          0,
          null,
          1,
          null,
          1,
          null,
          null,
          null,
          null,
          1,
          null,
          null,
          null,
          null,
          null,
          null,
          null,
          null,
          null,
          null,
          null,
          null,
          null,
          null,
          null,
          null,
          null,
          1,
          null,
          null,
          1,
          null,
          null,
          null
        ]
      },
      "/home/bhavesh/Desktop/ruby_on_rails/CarSellingPortal/config/environment.rb": {
        "lines": [
          null,
          1,
          null,
          null,
          1
        ]
      },
      "/home/bhavesh/Desktop/ruby_on_rails/CarSellingPortal/config/application.rb": {
        "lines": [
          1,
          null,
          1,
          null,
          null,
          null,
          1,
          null,
          1,
          1,
          null,
          1,
          null,
          null,
          null,
          null,
          null,
          null,
          null
        ]
      },
      "/home/bhavesh/Desktop/ruby_on_rails/CarSellingPortal/config/boot.rb": {
        "lines": [
          1,
          null,
          1,
          1
        ]
      },
      "/home/bhavesh/Desktop/ruby_on_rails/CarSellingPortal/config/environments/test.rb": {
        "lines": [
          null,
          null,
          null,
          null,
          null,
          1,
          null,
          null,
          1,
          1,
          null,
          null,
          null,
          null,
          1,
          null,
          null,
          1,
          1,
          null,
          null,
          null,
          null,
          1,
          1,
          1,
          null,
          null,
          1,
          null,
          null,
          1,
          null,
          null,
          1,
          null,
          1,
          null,
          null,
          null,
          null,
          1,
          null,
          null,
          1,
          null,
          null,
          null,
          null
        ]
      },
      "/home/bhavesh/Desktop/ruby_on_rails/CarSellingPortal/config/initializers/application_controller_renderer.rb": {
        "lines": [
          null,
          null,
          null,
          null,
          null,
          null,
          null,
          null
        ]
      },
      "/home/bhavesh/Desktop/ruby_on_rails/CarSellingPortal/config/initializers/assets.rb": {
        "lines": [
          null,
          null,
          null,
          1,
          null,
          null,
          null,
          null,
          1,
          null,
          null,
          null,
          null,
          null
        ]
      },
      "/home/bhavesh/Desktop/ruby_on_rails/CarSellingPortal/config/initializers/backtrace_silencers.rb": {
        "lines": [
          null,
          null,
          null,
          null,
          null,
          null,
          null
        ]
      },
      "/home/bhavesh/Desktop/ruby_on_rails/CarSellingPortal/config/initializers/content_security_policy.rb": {
        "lines": [
          null,
          null,
          null,
          null,
          null,
          null,
          null,
          null,
          null,
          null,
          null,
          null,
          null,
          null,
          null,
          null,
          null,
          null,
          null,
          null,
          null,
          null,
          null,
          null,
          null,
          null,
          null,
          null,
          null,
          null
        ]
      },
      "/home/bhavesh/Desktop/ruby_on_rails/CarSellingPortal/config/initializers/cookies_serializer.rb": {
        "lines": [
          null,
          null,
          null,
          null,
          1
        ]
      },
      "/home/bhavesh/Desktop/ruby_on_rails/CarSellingPortal/config/initializers/filter_parameter_logging.rb": {
        "lines": [
          null,
          null,
          null,
          1
        ]
      },
      "/home/bhavesh/Desktop/ruby_on_rails/CarSellingPortal/config/initializers/inflections.rb": {
        "lines": [
          null,
          null,
          null,
          null,
          null,
          null,
          null,
          null,
          null,
          null,
          null,
          null,
          null,
          null,
          null,
          null
        ]
      },
      "/home/bhavesh/Desktop/ruby_on_rails/CarSellingPortal/config/initializers/mime_types.rb": {
        "lines": [
          null,
          null,
          null,
          null
        ]
      },
      "/home/bhavesh/Desktop/ruby_on_rails/CarSellingPortal/config/initializers/wrap_parameters.rb": {
        "lines": [
          null,
          null,
          null,
          null,
          null,
          null,
          1,
          2,
          null,
          null,
          null,
          null,
          null,
          null
        ]
      },
      "/home/bhavesh/Desktop/ruby_on_rails/CarSellingPortal/spec/factories/brand.rb": {
        "lines": [
          1,
          1,
          53,
          null,
          null
        ]
      },
      "/home/bhavesh/Desktop/ruby_on_rails/CarSellingPortal/spec/factories/car_cost.rb": {
        "lines": [
          1,
          1,
          10,
          10,
          null,
          null
        ]
      },
      "/home/bhavesh/Desktop/ruby_on_rails/CarSellingPortal/spec/factories/city.rb": {
        "lines": [
          1,
          1,
          52,
          null,
          null
        ]
      },
      "/home/bhavesh/Desktop/ruby_on_rails/CarSellingPortal/spec/factories/kilometer_driven.rb": {
        "lines": [
          1,
          1,
          51,
          null,
          null
        ]
      },
      "/home/bhavesh/Desktop/ruby_on_rails/CarSellingPortal/spec/factories/location.rb": {
        "lines": [
          1,
          1,
          5,
          5,
          null,
          null
        ]
      },
      "/home/bhavesh/Desktop/ruby_on_rails/CarSellingPortal/spec/factories/model.rb": {
        "lines": [
          1,
          1,
          51,
          null,
          null
        ]
      },
      "/home/bhavesh/Desktop/ruby_on_rails/CarSellingPortal/spec/factories/registration_state.rb": {
        "lines": [
          1,
          1,
          51,
          null,
          null
        ]
      },
      "/home/bhavesh/Desktop/ruby_on_rails/CarSellingPortal/spec/factories/registration_year.rb": {
        "lines": [
          1,
          1,
          51,
          null,
          null
        ]
      },
      "/home/bhavesh/Desktop/ruby_on_rails/CarSellingPortal/spec/factories/role.rb": {
        "lines": [
          1,
          1,
          62,
          null,
          null
        ]
      },
      "/home/bhavesh/Desktop/ruby_on_rails/CarSellingPortal/spec/factories/seller.rb": {
        "lines": [
          1,
          1,
          null,
          null,
          null
        ]
      },
      "/home/bhavesh/Desktop/ruby_on_rails/CarSellingPortal/spec/factories/token.rb": {
        "lines": [
          1,
          1,
          7,
          null,
          null
        ]
      },
      "/home/bhavesh/Desktop/ruby_on_rails/CarSellingPortal/spec/factories/user.rb": {
        "lines": [
          1,
          1,
          58,
          58,
          null,
          null
        ]
      },
      "/home/bhavesh/Desktop/ruby_on_rails/CarSellingPortal/spec/factories/variant.rb": {
        "lines": [
          1,
          1,
          52,
          null,
          null
        ]
      },
      "/home/bhavesh/Desktop/ruby_on_rails/CarSellingPortal/config/routes.rb": {
        "lines": [
          1,
          1,
          1,
          1,
          1,
          1,
          1,
          null,
          null,
          1,
          1,
          1,
          1,
          1,
          null,
          null,
          1,
          1,
          1,
          1,
          1,
          1,
          1,
          1,
          1,
          1,
          1,
          1,
          null,
          1,
          1,
          1,
          1,
          null,
          null,
          1,
          1,
          1,
          null,
          null,
          1,
          1,
          1,
          1,
          1,
          null,
          null
        ]
      },
      "/home/bhavesh/Desktop/ruby_on_rails/CarSellingPortal/app/helpers/application_helper.rb": {
        "lines": [
          1,
          1,
          0,
          0,
          null,
          null
        ]
      },
      "/home/bhavesh/Desktop/ruby_on_rails/CarSellingPortal/app/helpers/sellers_helper.rb": {
        "lines": [
          1,
          1,
          0,
          0,
          0,
          0,
          0,
          0,
          0,
          0,
          0,
          0,
          0,
          0,
          0,
          0,
          0,
          0,
          0,
          0,
          0,
          0,
          0,
          0,
          0,
          0,
          0,
          0,
          0,
          0,
          0,
          0,
          null,
          null,
          null,
          null
        ]
      },
      "/home/bhavesh/Desktop/ruby_on_rails/CarSellingPortal/spec/support/factory_bot.rb": {
        "lines": [
          1,
          1,
          null
        ]
      },
      "/home/bhavesh/Desktop/ruby_on_rails/CarSellingPortal/app/models/brand.rb": {
        "lines": [
          1,
          1,
          1,
          1,
          1,
          1,
          null,
          1,
          null,
          1,
          49,
          null,
          null
        ]
      },
      "/home/bhavesh/Desktop/ruby_on_rails/CarSellingPortal/app/models/application_record.rb": {
        "lines": [
          1,
          1,
          null
        ]
      },
      "/home/bhavesh/Desktop/ruby_on_rails/CarSellingPortal/spec/models/car_cost_spec.rb": {
        "lines": [
          1,
          null,
          1,
          null,
          8,
          3,
          null,
          1,
          null,
          1,
          1,
          1,
          null,
          1,
          1,
          1,
          null,
          null,
          1,
          1,
          null,
          null,
          1,
          1,
          null,
          null,
          1,
          1,
          1,
          1,
          null,
          null,
          1,
          1,
          1,
          null,
          null,
          null,
          1,
          1,
          1,
          1,
          null,
          null,
          null
        ]
      },
      "/home/bhavesh/Desktop/ruby_on_rails/CarSellingPortal/app/models/car_cost.rb": {
        "lines": [
          null,
          1,
          1,
          1,
          1,
          1,
          null,
          1,
          null,
          1,
          null,
          1,
          3,
          null,
          null,
          null
        ]
      },
      "/home/bhavesh/Desktop/ruby_on_rails/CarSellingPortal/spec/models/city_spec.rb": {
        "lines": [
          1,
          1,
          null,
          5,
          2,
          null,
          1,
          null,
          1,
          1,
          1,
          null,
          null,
          1,
          1,
          null,
          null,
          1,
          1,
          1,
          null,
          null,
          null,
          1,
          2,
          null,
          null,
          1,
          1,
          1,
          1,
          null,
          null,
          null,
          null
        ]
      },
      "/home/bhavesh/Desktop/ruby_on_rails/CarSellingPortal/app/models/city.rb": {
        "lines": [
          1,
          1,
          1,
          1,
          1,
          null,
          1,
          null,
          1,
          49,
          null,
          null,
          null,
          null,
          null,
          null
        ]
      },
      "/home/bhavesh/Desktop/ruby_on_rails/CarSellingPortal/spec/models/kilometer_driven_spec.rb": {
        "lines": [
          1,
          null,
          1,
          4,
          2,
          null,
          1,
          1,
          1,
          1,
          null,
          null,
          1,
          1,
          null,
          null,
          1,
          1,
          1,
          null,
          null,
          null,
          1,
          1,
          2,
          null,
          null,
          null
        ]
      },
      "/home/bhavesh/Desktop/ruby_on_rails/CarSellingPortal/app/models/kilometer_driven.rb": {
        "lines": [
          1,
          1,
          1,
          1,
          null,
          null
        ]
      },
      "/home/bhavesh/Desktop/ruby_on_rails/CarSellingPortal/spec/models/location_spec.rb": {
        "lines": [
          1,
          null,
          1,
          1,
          4,
          2,
          1,
          1,
          1,
          1,
          null,
          1,
          1,
          1,
          1,
          1,
          1,
          1,
          null,
          null,
          1,
          1,
          1,
          null,
          null,
          null,
          null,
          1,
          1,
          2,
          null,
          null,
          null
        ]
      },
      "/home/bhavesh/Desktop/ruby_on_rails/CarSellingPortal/app/models/location.rb": {
        "lines": [
          1,
          1,
          1,
          1,
          1,
          1,
          null,
          null
        ]
      },
      "/home/bhavesh/Desktop/ruby_on_rails/CarSellingPortal/spec/models/model_spec.rb": {
        "lines": [
          1,
          null,
          1,
          null,
          4,
          2,
          null,
          1,
          null,
          1,
          1,
          1,
          1,
          null,
          null,
          1,
          1,
          1,
          null,
          1,
          1,
          1,
          null,
          null,
          null,
          null,
          1,
          1,
          2,
          null,
          1,
          2,
          null,
          null,
          null,
          null
        ]
      },
      "/home/bhavesh/Desktop/ruby_on_rails/CarSellingPortal/app/models/model.rb": {
        "lines": [
          1,
          1,
          1,
          1,
          1,
          1,
          1,
          null,
          1,
          null,
          1,
          46,
          null,
          null
        ]
      },
      "/home/bhavesh/Desktop/ruby_on_rails/CarSellingPortal/spec/models/registration_state_spec.rb": {
        "lines": [
          1,
          null,
          1,
          4,
          2,
          null,
          1,
          1,
          1,
          null,
          1,
          1,
          1,
          null,
          1,
          1,
          1,
          null,
          null,
          null,
          1,
          1,
          2,
          null,
          null,
          null
        ]
      },
      "/home/bhavesh/Desktop/ruby_on_rails/CarSellingPortal/app/models/registration_state.rb": {
        "lines": [
          1,
          1,
          1,
          1,
          1,
          null,
          1,
          null,
          1,
          48,
          null,
          null
        ]
      },
      "/home/bhavesh/Desktop/ruby_on_rails/CarSellingPortal/spec/models/registration_year_spec.rb": {
        "lines": [
          1,
          null,
          1,
          4,
          2,
          null,
          1,
          1,
          1,
          null,
          1,
          1,
          1,
          null,
          1,
          1,
          1,
          null,
          null,
          null,
          1,
          1,
          2,
          null,
          null,
          null
        ]
      },
      "/home/bhavesh/Desktop/ruby_on_rails/CarSellingPortal/app/models/registration_year.rb": {
        "lines": [
          1,
          1,
          1,
          1,
          null
        ]
      },
      "/home/bhavesh/Desktop/ruby_on_rails/CarSellingPortal/spec/models/role_spec.rb": {
        "lines": [
          1,
          null,
          1,
          null,
          4,
          2,
          null,
          1,
          1,
          1,
          null,
          1,
          1,
          1,
          null,
          1,
          1,
          1,
          null,
          null,
          null,
          1,
          1,
          2,
          null,
          null,
          null
        ]
      },
      "/home/bhavesh/Desktop/ruby_on_rails/CarSellingPortal/app/models/role.rb": {
        "lines": [
          1,
          1,
          1,
          1,
          null,
          null
        ]
      },
      "/home/bhavesh/Desktop/ruby_on_rails/CarSellingPortal/spec/models/seller_spec.rb": {
        "lines": [
          1,
          null,
          1,
          41,
          null,
          1,
          40,
          40,
          40,
          40,
          40,
          40,
          40,
          40,
          40,
          40,
          40,
          40,
          40,
          40,
          40,
          40,
          40,
          40,
          40,
          40,
          40,
          null,
          null,
          1,
          null,
          1,
          1,
          1,
          1,
          null,
          1,
          1,
          null,
          null,
          null,
          1,
          1,
          1,
          1,
          null,
          1,
          1,
          null,
          null,
          null,
          1,
          1,
          1,
          1,
          null,
          1,
          1,
          null,
          null,
          null,
          1,
          1,
          1,
          1,
          null,
          1,
          1,
          null,
          null,
          null,
          1,
          1,
          1,
          1,
          null,
          1,
          1,
          null,
          null,
          null,
          1,
          1,
          1,
          1,
          null,
          1,
          1,
          null,
          null,
          null,
          1,
          1,
          1,
          1,
          null,
          1,
          1,
          null,
          null,
          null,
          1,
          1,
          1,
          1,
          null,
          1,
          1,
          null,
          null,
          null,
          null,
          1,
          2,
          2,
          2,
          2,
          2,
          2,
          2,
          2,
          2,
          2,
          null,
          null,
          1,
          1,
          1,
          1,
          null,
          1,
          1,
          null,
          null,
          1,
          1,
          1,
          null,
          1,
          1,
          null,
          null,
          null,
          1,
          1,
          1,
          null,
          1,
          1,
          null,
          null,
          null,
          1,
          1,
          1,
          null,
          1,
          1,
          null,
          null,
          null,
          1,
          1,
          1,
          null,
          1,
          1,
          null,
          null,
          null,
          1,
          1,
          1,
          null,
          1,
          1,
          null,
          null,
          null,
          1,
          1,
          1,
          null,
          1,
          1,
          null,
          null,
          null,
          null,
          null
        ]
      },
      "/home/bhavesh/Desktop/ruby_on_rails/CarSellingPortal/app/models/seller.rb": {
        "lines": [
          1,
          1,
          1,
          1,
          1,
          1,
          1,
          1,
          1,
          1,
          1,
          1,
          1,
          1,
          1,
          1,
          1,
          1,
          null,
          3,
          3,
          3,
          3,
          3,
          3,
          3,
          null,
          null
        ]
      },
      "/home/bhavesh/Desktop/ruby_on_rails/CarSellingPortal/spec/models/token_spec.rb": {
        "lines": [
          1,
          null,
          1,
          7,
          1,
          6,
          6,
          6,
          6,
          6,
          6,
          6,
          6,
          6,
          6,
          6,
          6,
          6,
          6,
          6,
          6,
          6,
          6,
          6,
          6,
          6,
          6,
          6,
          6,
          6,
          null,
          null,
          1,
          1,
          1,
          null,
          1,
          1,
          1,
          null,
          null,
          null,
          1,
          1,
          2,
          null,
          1,
          2,
          null,
          null,
          null,
          1,
          1,
          1,
          1,
          null,
          1,
          1,
          1,
          null,
          null,
          null,
          null
        ]
      },
      "/home/bhavesh/Desktop/ruby_on_rails/CarSellingPortal/app/models/token.rb": {
        "lines": [
          1,
          1,
          1,
          1,
          null
        ]
      },
      "/home/bhavesh/Desktop/ruby_on_rails/CarSellingPortal/spec/models/user_spec.rb": {
        "lines": [
          1,
          null,
          1,
          11,
          null,
          1,
          10,
          10,
          null,
          null,
          1,
          1,
          1,
          1,
          null,
          null,
          1,
          1,
          1,
          null,
          null,
          1,
          1,
          1,
          null,
          null,
          1,
          1,
          1,
          null,
          null,
          1,
          1,
          null,
          null,
          null,
          1,
          2,
          null,
          null,
          1,
          1,
          2,
          null,
          1,
          2,
          null,
          1,
          2,
          null,
          1,
          2,
          null,
          null,
          null,
          null
        ]
      },
      "/home/bhavesh/Desktop/ruby_on_rails/CarSellingPortal/app/models/user.rb": {
        "lines": [
          1,
          1,
          1,
          1,
          null,
          1,
          1,
          1,
          1,
          1,
          1,
          null,
          1,
          0,
          0,
          0,
          null,
          null,
          1,
          null,
          1,
          47,
          47,
          null,
          null,
          null
        ]
      },
      "/home/bhavesh/Desktop/ruby_on_rails/CarSellingPortal/spec/models/variant_spec.rb": {
        "lines": [
          1,
          null,
          1,
          null,
          null,
          5,
          2,
          null,
          1,
          null,
          1,
          1,
          1,
          null,
          null,
          1,
          1,
          null,
          null,
          1,
          1,
          1,
          null,
          null,
          null,
          1,
          1,
          2,
          null,
          null,
          null,
          1,
          1,
          1,
          1,
          null,
          null,
          null
        ]
      },
      "/home/bhavesh/Desktop/ruby_on_rails/CarSellingPortal/app/models/variant.rb": {
        "lines": [
          1,
          1,
          1,
          1,
          1,
          null,
          1,
          null,
          1,
          49,
          null,
          null
        ]
      }
    },
    "timestamp": 1592733006
  }
}
